build/app/intermediates/manifest_merge_blame_file/release/manifest-merger-blame-release-report.txt
1<?xml version="1.0" encoding="utf-8"?>
2<manifest xmlns:android="http://schemas.android.com/apk/res/android"
3    package="com.cwsorg.app"
4    android:versionCode="1"
5    android:versionName="1.0.0" >
6
7    <uses-sdk
8        android:minSdkVersion="21"
8-->src/main/AndroidManifest.xml
9        android:targetSdkVersion="30" />
9-->src/main/AndroidManifest.xml
10
11    <uses-permission android:name="android.permission.INTERNET" />
11-->src/main/AndroidManifest.xml:4:4-65
11-->src/main/AndroidManifest.xml:4:21-63
12    <uses-permission android:name="android.permission.ACCESS_NETWORK_STATE" />
12-->[com.google.firebase:firebase-auth:21.0.1] AndroidManifest.xml:24:5-79
12-->[com.google.firebase:firebase-auth:21.0.1] AndroidManifest.xml:24:22-76
13
14    <application
14-->src/main/AndroidManifest.xml:6:4-50:19
15        android:appComponentFactory="androidx.core.app.CoreComponentFactory"
15-->[androidx.core:core:1.6.0] AndroidManifest.xml:24:18-86
16        android:icon="@mipmap/ic_launcher"
16-->src/main/AndroidManifest.xml:9:9-43
17        android:label="cwsorg"
17-->src/main/AndroidManifest.xml:7:9-31
18        android:requestLegacyExternalStorage="true" >
18-->src/main/AndroidManifest.xml:10:9-52
19        <activity
19-->src/main/AndroidManifest.xml:12:9-40:20
20            android:name="com.cwsorg.app.MainActivity"
20-->src/main/AndroidManifest.xml:13:13-41
21            android:configChanges="orientation|keyboardHidden|keyboard|screenSize|smallestScreenSize|locale|layoutDirection|fontScale|screenLayout|density|uiMode"
21-->src/main/AndroidManifest.xml:16:13-163
22            android:hardwareAccelerated="true"
22-->src/main/AndroidManifest.xml:17:13-47
23            android:launchMode="singleTop"
23-->src/main/AndroidManifest.xml:14:13-43
24            android:theme="@style/LaunchTheme"
24-->src/main/AndroidManifest.xml:15:13-47
25            android:windowSoftInputMode="adjustResize" >
25-->src/main/AndroidManifest.xml:18:13-55
26
27            <!--
28                 Specifies an Android theme to apply to this Activity as soon as
29                 the Android process has started. This theme is visible to the user
30                 while the Flutter UI initializes. After that, this theme continues
31                 to determine the Window background behind the Flutter UI.
32            -->
33            <meta-data
33-->src/main/AndroidManifest.xml:23:13-26:17
34                android:name="io.flutter.embedding.android.NormalTheme"
34-->src/main/AndroidManifest.xml:24:15-70
35                android:resource="@style/NormalTheme" />
35-->src/main/AndroidManifest.xml:25:15-52
36            <!--
37                 Displays an Android View that continues showing the launch screen
38                 Drawable until Flutter paints its first frame, then this splash
39                 screen fades out. A splash screen is useful to avoid any visual
40                 gap between the end of Android's launch screen and the painting of
41                 Flutter's first frame.
42            -->
43            <meta-data
43-->src/main/AndroidManifest.xml:32:13-35:17
44                android:name="io.flutter.embedding.android.SplashScreenDrawable"
44-->src/main/AndroidManifest.xml:33:15-79
45                android:resource="@drawable/launch_background" />
45-->src/main/AndroidManifest.xml:34:15-61
46
47            <intent-filter>
47-->src/main/AndroidManifest.xml:36:13-39:29
48                <action android:name="android.intent.action.MAIN" />
48-->src/main/AndroidManifest.xml:37:17-68
48-->src/main/AndroidManifest.xml:37:25-66
49
50                <category android:name="android.intent.category.LAUNCHER" />
50-->src/main/AndroidManifest.xml:38:17-76
50-->src/main/AndroidManifest.xml:38:27-74
51            </intent-filter>
52        </activity>
53
54        <!--
55             Don't delete the meta-data below.
56             This is used by the Flutter tool to generate GeneratedPluginRegistrant.java
57        -->
58        <meta-data
58-->src/main/AndroidManifest.xml:44:9-46:33
59            android:name="flutterEmbedding"
59-->src/main/AndroidManifest.xml:45:13-44
60            android:value="2" />
60-->src/main/AndroidManifest.xml:46:13-30
61
62        <service
62-->[:cloud_firestore] AndroidManifest.xml:8:9-12:19
63            android:name="com.google.firebase.components.ComponentDiscoveryService"
63-->[:cloud_firestore] AndroidManifest.xml:8:18-89
64            android:directBootAware="true"
64-->[com.google.firebase:firebase-common:20.0.0] AndroidManifest.xml:35:13-43
65            android:exported="false" >
65-->[com.google.firebase:firebase-auth:21.0.1] AndroidManifest.xml:76:13-37
66            <meta-data
66-->[:cloud_firestore] AndroidManifest.xml:9:13-11:85
67                android:name="com.google.firebase.components:io.flutter.plugins.firebase.firestore.FlutterFirebaseFirestoreRegistrar"
67-->[:cloud_firestore] AndroidManifest.xml:10:17-134
68                android:value="com.google.firebase.components.ComponentRegistrar" />
68-->[:cloud_firestore] AndroidManifest.xml:11:17-82
69            <meta-data
69-->[:firebase_auth] AndroidManifest.xml:9:13-11:85
70                android:name="com.google.firebase.components:io.flutter.plugins.firebase.auth.FlutterFirebaseAuthRegistrar"
70-->[:firebase_auth] AndroidManifest.xml:10:17-124
71                android:value="com.google.firebase.components.ComponentRegistrar" />
71-->[:firebase_auth] AndroidManifest.xml:11:17-82
72            <meta-data
72-->[:firebase_storage] AndroidManifest.xml:9:13-11:85
73                android:name="com.google.firebase.components:io.flutter.plugins.firebase.storage.FlutterFirebaseAppRegistrar"
73-->[:firebase_storage] AndroidManifest.xml:10:17-126
74                android:value="com.google.firebase.components.ComponentRegistrar" />
74-->[:firebase_storage] AndroidManifest.xml:11:17-82
75            <meta-data
75-->[:firebase_core] AndroidManifest.xml:9:13-11:85
76                android:name="com.google.firebase.components:io.flutter.plugins.firebase.core.FlutterFirebaseCoreRegistrar"
76-->[:firebase_core] AndroidManifest.xml:10:17-124
77                android:value="com.google.firebase.components.ComponentRegistrar" />
77-->[:firebase_core] AndroidManifest.xml:11:17-82
78            <meta-data
78-->[com.google.firebase:firebase-auth:21.0.1] AndroidManifest.xml:77:13-79:85
79                android:name="com.google.firebase.components:com.google.firebase.auth.FirebaseAuthRegistrar"
79-->[com.google.firebase:firebase-auth:21.0.1] AndroidManifest.xml:78:17-109
80                android:value="com.google.firebase.components.ComponentRegistrar" />
80-->[com.google.firebase:firebase-auth:21.0.1] AndroidManifest.xml:79:17-82
81            <meta-data
81-->[com.google.firebase:firebase-firestore:24.0.0] AndroidManifest.xml:20:13-22:85
82                android:name="com.google.firebase.components:com.google.firebase.firestore.FirestoreRegistrar"
82-->[com.google.firebase:firebase-firestore:24.0.0] AndroidManifest.xml:21:17-111
83                android:value="com.google.firebase.components.ComponentRegistrar" />
83-->[com.google.firebase:firebase-firestore:24.0.0] AndroidManifest.xml:22:17-82
84            <meta-data
84-->[com.google.firebase:firebase-storage:20.0.0] AndroidManifest.xml:33:13-35:85
85                android:name="com.google.firebase.components:com.google.firebase.storage.StorageRegistrar"
85-->[com.google.firebase:firebase-storage:20.0.0] AndroidManifest.xml:34:17-107
86                android:value="com.google.firebase.components.ComponentRegistrar" />
86-->[com.google.firebase:firebase-storage:20.0.0] AndroidManifest.xml:35:17-82
87        </service>
88
89        <provider
89-->[:image_picker] AndroidManifest.xml:8:9-16:20
90            android:name="io.flutter.plugins.imagepicker.ImagePickerFileProvider"
90-->[:image_picker] AndroidManifest.xml:9:13-82
91            android:authorities="com.cwsorg.app.flutter.image_provider"
91-->[:image_picker] AndroidManifest.xml:10:13-74
92            android:exported="false"
92-->[:image_picker] AndroidManifest.xml:11:13-37
93            android:grantUriPermissions="true" >
93-->[:image_picker] AndroidManifest.xml:12:13-47
94            <meta-data
94-->[:image_picker] AndroidManifest.xml:13:13-15:75
95                android:name="android.support.FILE_PROVIDER_PATHS"
95-->[:image_picker] AndroidManifest.xml:14:17-67
96                android:resource="@xml/flutter_image_picker_file_paths" />
96-->[:image_picker] AndroidManifest.xml:15:17-72
97        </provider>
98
99        <activity
99-->[:url_launcher] AndroidManifest.xml:8:9-11:74
100            android:name="io.flutter.plugins.urllauncher.WebViewActivity"
100-->[:url_launcher] AndroidManifest.xml:9:13-74
101            android:exported="false"
101-->[:url_launcher] AndroidManifest.xml:10:13-37
102            android:theme="@android:style/Theme.NoTitleBar.Fullscreen" />
102-->[:url_launcher] AndroidManifest.xml:11:13-71
103        <activity
103-->[com.google.firebase:firebase-auth:21.0.1] AndroidManifest.xml:27:9-44:20
104            android:name="com.google.firebase.auth.internal.GenericIdpActivity"
104-->[com.google.firebase:firebase-auth:21.0.1] AndroidManifest.xml:28:13-80
105            android:excludeFromRecents="true"
105-->[com.google.firebase:firebase-auth:21.0.1] AndroidManifest.xml:29:13-46
106            android:exported="true"
106-->[com.google.firebase:firebase-auth:21.0.1] AndroidManifest.xml:30:13-36
107            android:launchMode="singleTask"
107-->[com.google.firebase:firebase-auth:21.0.1] AndroidManifest.xml:31:13-44
108            android:theme="@android:style/Theme.Translucent.NoTitleBar" >
108-->[com.google.firebase:firebase-auth:21.0.1] AndroidManifest.xml:32:13-72
109            <intent-filter>
109-->[com.google.firebase:firebase-auth:21.0.1] AndroidManifest.xml:33:13-43:29
110                <action android:name="android.intent.action.VIEW" />
110-->[com.google.firebase:firebase-auth:21.0.1] AndroidManifest.xml:34:17-69
110-->[com.google.firebase:firebase-auth:21.0.1] AndroidManifest.xml:34:25-66
111
112                <category android:name="android.intent.category.DEFAULT" />
112-->[com.google.firebase:firebase-auth:21.0.1] AndroidManifest.xml:36:17-76
112-->[com.google.firebase:firebase-auth:21.0.1] AndroidManifest.xml:36:27-73
113                <category android:name="android.intent.category.BROWSABLE" />
113-->[com.google.firebase:firebase-auth:21.0.1] AndroidManifest.xml:37:17-78
113-->[com.google.firebase:firebase-auth:21.0.1] AndroidManifest.xml:37:27-75
114
115                <data
115-->[com.google.firebase:firebase-auth:21.0.1] AndroidManifest.xml:39:17-42:51
116                    android:host="firebase.auth"
116-->[com.google.firebase:firebase-auth:21.0.1] AndroidManifest.xml:40:21-49
117                    android:path="/"
117-->[com.google.firebase:firebase-auth:21.0.1] AndroidManifest.xml:41:21-37
118                    android:scheme="genericidp" />
118-->[com.google.firebase:firebase-auth:21.0.1] AndroidManifest.xml:42:21-48
119            </intent-filter>
120        </activity>
121        <activity
121-->[com.google.firebase:firebase-auth:21.0.1] AndroidManifest.xml:45:9-62:20
122            android:name="com.google.firebase.auth.internal.RecaptchaActivity"
122-->[com.google.firebase:firebase-auth:21.0.1] AndroidManifest.xml:46:13-79
123            android:excludeFromRecents="true"
123-->[com.google.firebase:firebase-auth:21.0.1] AndroidManifest.xml:47:13-46
124            android:exported="true"
124-->[com.google.firebase:firebase-auth:21.0.1] AndroidManifest.xml:48:13-36
125            android:launchMode="singleTask"
125-->[com.google.firebase:firebase-auth:21.0.1] AndroidManifest.xml:49:13-44
126            android:theme="@android:style/Theme.Translucent.NoTitleBar" >
126-->[com.google.firebase:firebase-auth:21.0.1] AndroidManifest.xml:50:13-72
127            <intent-filter>
127-->[com.google.firebase:firebase-auth:21.0.1] AndroidManifest.xml:51:13-61:29
128                <action android:name="android.intent.action.VIEW" />
128-->[com.google.firebase:firebase-auth:21.0.1] AndroidManifest.xml:34:17-69
128-->[com.google.firebase:firebase-auth:21.0.1] AndroidManifest.xml:34:25-66
129
130                <category android:name="android.intent.category.DEFAULT" />
130-->[com.google.firebase:firebase-auth:21.0.1] AndroidManifest.xml:36:17-76
130-->[com.google.firebase:firebase-auth:21.0.1] AndroidManifest.xml:36:27-73
131                <category android:name="android.intent.category.BROWSABLE" />
131-->[com.google.firebase:firebase-auth:21.0.1] AndroidManifest.xml:37:17-78
131-->[com.google.firebase:firebase-auth:21.0.1] AndroidManifest.xml:37:27-75
132
133                <data
133-->[com.google.firebase:firebase-auth:21.0.1] AndroidManifest.xml:39:17-42:51
134                    android:host="firebase.auth"
134-->[com.google.firebase:firebase-auth:21.0.1] AndroidManifest.xml:40:21-49
135                    android:path="/"
135-->[com.google.firebase:firebase-auth:21.0.1] AndroidManifest.xml:41:21-37
136                    android:scheme="recaptcha" />
136-->[com.google.firebase:firebase-auth:21.0.1] AndroidManifest.xml:42:21-48
137            </intent-filter>
138        </activity>
139
140        <service
140-->[com.google.firebase:firebase-auth:21.0.1] AndroidManifest.xml:64:9-73:19
141            android:name="com.google.firebase.auth.api.fallback.service.FirebaseAuthFallbackService"
141-->[com.google.firebase:firebase-auth:21.0.1] AndroidManifest.xml:65:13-101
142            android:enabled="true"
142-->[com.google.firebase:firebase-auth:21.0.1] AndroidManifest.xml:66:13-35
143            android:exported="false" >
143-->[com.google.firebase:firebase-auth:21.0.1] AndroidManifest.xml:67:13-37
144            <intent-filter>
144-->[com.google.firebase:firebase-auth:21.0.1] AndroidManifest.xml:68:13-72:29
145                <action android:name="com.google.firebase.auth.api.gms.service.START" />
145-->[com.google.firebase:firebase-auth:21.0.1] AndroidManifest.xml:69:17-89
145-->[com.google.firebase:firebase-auth:21.0.1] AndroidManifest.xml:69:25-86
146
147                <category android:name="android.intent.category.DEFAULT" />
147-->[com.google.firebase:firebase-auth:21.0.1] AndroidManifest.xml:36:17-76
147-->[com.google.firebase:firebase-auth:21.0.1] AndroidManifest.xml:36:27-73
148            </intent-filter>
149        </service>
150
151        <provider
151-->[com.google.firebase:firebase-common:20.0.0] AndroidManifest.xml:26:9-31:39
152            android:name="com.google.firebase.provider.FirebaseInitProvider"
152-->[com.google.firebase:firebase-common:20.0.0] AndroidManifest.xml:27:13-77
153            android:authorities="com.cwsorg.app.firebaseinitprovider"
153-->[com.google.firebase:firebase-common:20.0.0] AndroidManifest.xml:28:13-72
154            android:directBootAware="true"
154-->[com.google.firebase:firebase-common:20.0.0] AndroidManifest.xml:29:13-43
155            android:exported="false"
155-->[com.google.firebase:firebase-common:20.0.0] AndroidManifest.xml:30:13-37
156            android:initOrder="100" />
156-->[com.google.firebase:firebase-common:20.0.0] AndroidManifest.xml:31:13-36
157
158        <activity
158-->[com.google.android.gms:play-services-auth:16.0.1] AndroidManifest.xml:23:9-27:75
159            android:name="com.google.android.gms.auth.api.signin.internal.SignInHubActivity"
159-->[com.google.android.gms:play-services-auth:16.0.1] AndroidManifest.xml:24:13-93
160            android:excludeFromRecents="true"
160-->[com.google.android.gms:play-services-auth:16.0.1] AndroidManifest.xml:25:13-46
161            android:exported="false"
161-->[com.google.android.gms:play-services-auth:16.0.1] AndroidManifest.xml:26:13-37
162            android:theme="@android:style/Theme.Translucent.NoTitleBar" />
162-->[com.google.android.gms:play-services-auth:16.0.1] AndroidManifest.xml:27:13-72
163        <!--
164            Service handling Google Sign-In user revocation. For apps that do not integrate with
165            Google Sign-In, this service will never be started.
166        -->
167        <service
167-->[com.google.android.gms:play-services-auth:16.0.1] AndroidManifest.xml:33:9-36:110
168            android:name="com.google.android.gms.auth.api.signin.RevocationBoundService"
168-->[com.google.android.gms:play-services-auth:16.0.1] AndroidManifest.xml:34:13-89
169            android:exported="true"
169-->[com.google.android.gms:play-services-auth:16.0.1] AndroidManifest.xml:35:13-36
170            android:permission="com.google.android.gms.auth.api.signin.permission.REVOCATION_NOTIFICATION" />
170-->[com.google.android.gms:play-services-auth:16.0.1] AndroidManifest.xml:36:13-107
171
172        <activity
172-->[com.google.android.gms:play-services-base:17.1.0] AndroidManifest.xml:23:9-26:75
173            android:name="com.google.android.gms.common.api.GoogleApiActivity"
173-->[com.google.android.gms:play-services-base:17.1.0] AndroidManifest.xml:24:13-79
174            android:exported="false"
174-->[com.google.android.gms:play-services-base:17.1.0] AndroidManifest.xml:25:13-37
175            android:theme="@android:style/Theme.Translucent.NoTitleBar" />
175-->[com.google.android.gms:play-services-base:17.1.0] AndroidManifest.xml:26:13-72
176
177        <meta-data
177-->[com.google.android.gms:play-services-basement:17.1.0] AndroidManifest.xml:23:9-25:69
178            android:name="com.google.android.gms.version"
178-->[com.google.android.gms:play-services-basement:17.1.0] AndroidManifest.xml:24:13-58
179            android:value="@integer/google_play_services_version" />
179-->[com.google.android.gms:play-services-basement:17.1.0] AndroidManifest.xml:25:13-66
180    </application>
181
182</manifest>